time="2020-04-06T20:06:24-05:00" level=warning msg="Sanitize Intraday no last date" application=IEXApp function=github.com/wpwilson10/caterpillar/internal/stocks.SanitizeIntraday listingID=1011 symbol=AAP
time="2020-04-06T20:06:26-05:00" level=warning msg="Sanitize Intraday no last date" application=IEXApp function=github.com/wpwilson10/caterpillar/internal/stocks.SanitizeIntraday listingID=1012 symbol=AAPL
time="2020-04-06T20:06:27-05:00" level=warning msg="Sanitize Intraday no last date" application=IEXApp function=github.com/wpwilson10/caterpillar/internal/stocks.SanitizeIntraday listingID=1013 symbol=AAT
time="2020-04-06T20:06:28-05:00" level=warning msg="Sanitize Intraday no last date" application=IEXApp function=github.com/wpwilson10/caterpillar/internal/stocks.SanitizeIntraday listingID=1015 symbol=AAWW
time="2020-04-06T20:06:29-05:00" level=warning msg="Sanitize Intraday no last date" application=IEXApp function=github.com/wpwilson10/caterpillar/internal/stocks.SanitizeIntraday listingID=1017 symbol=AAXN
time="2020-04-06T20:06:30-05:00" level=warning msg="Sanitize Intraday no last date" application=IEXApp function=github.com/wpwilson10/caterpillar/internal/stocks.SanitizeIntraday listingID=1020 symbol=ABBV
time="2020-04-06T20:06:35-05:00" level=warning msg="Sanitize Intraday no last date" application=IEXApp function=github.com/wpwilson10/caterpillar/internal/stocks.SanitizeIntraday listingID=1021 symbol=ABC
time="2020-04-06T20:06:37-05:00" level=warning msg="Sanitize Intraday no last date" application=IEXApp function=github.com/wpwilson10/caterpillar/internal/stocks.SanitizeIntraday listingID=1022 symbol=ABCB
time="2020-04-06T20:06:38-05:00" level=warning msg="Sanitize Intraday no last date" application=IEXApp function=github.com/wpwilson10/caterpillar/internal/stocks.SanitizeIntraday listingID=1024 symbol=ABEO
time="2020-04-06T20:06:40-05:00" level=warning msg="Sanitize Intraday no last date" application=IEXApp function=github.com/wpwilson10/caterpillar/internal/stocks.SanitizeIntraday listingID=1026 symbol=ABG
time="2020-04-06T20:06:42-05:00" level=warning msg="Sanitize Intraday no last date" application=IEXApp function=github.com/wpwilson10/caterpillar/internal/stocks.SanitizeIntraday listingID=1028 symbol=ABM
time="2020-04-06T20:06:44-05:00" level=warning msg="Sanitize Intraday no last date" application=IEXApp function=github.com/wpwilson10/caterpillar/internal/stocks.SanitizeIntraday listingID=1029 symbol=ABMD
time="2020-04-06T20:06:46-05:00" level=warning msg="Sanitize Intraday no last date" application=IEXApp function=github.com/wpwilson10/caterpillar/internal/stocks.SanitizeIntraday listingID=1034 symbol=ABT
time="2020-04-06T20:06:47-05:00" level=warning msg="Sanitize Intraday no last date" application=IEXApp function=github.com/wpwilson10/caterpillar/internal/stocks.SanitizeIntraday listingID=1035 symbol=ABTX
time="2020-04-06T20:06:48-05:00" level=warning msg="Sanitize Intraday no last date" application=IEXApp function=github.com/wpwilson10/caterpillar/internal/stocks.SanitizeIntraday listingID=1037 symbol=AC
time="2020-04-06T20:06:50-05:00" level=warning msg="Sanitize Intraday no last date" application=IEXApp function=github.com/wpwilson10/caterpillar/internal/stocks.SanitizeIntraday listingID=1038 symbol=ACA
time="2020-04-06T20:06:52-05:00" level=warning msg="Sanitize Intraday no last date" application=IEXApp function=github.com/wpwilson10/caterpillar/internal/stocks.SanitizeIntraday listingID=1039 symbol=ACAD
time="2020-04-06T20:06:53-05:00" level=warning msg="Sanitize Intraday no last date" application=IEXApp function=github.com/wpwilson10/caterpillar/internal/stocks.SanitizeIntraday listingID=1044 symbol=ACBI
time="2020-04-06T20:06:54-05:00" level=warning msg="Sanitize Intraday no last date" application=IEXApp function=github.com/wpwilson10/caterpillar/internal/stocks.SanitizeIntraday listingID=1045 symbol=ACC
time="2020-04-06T20:06:55-05:00" level=warning msg="Sanitize Intraday no last date" application=IEXApp function=github.com/wpwilson10/caterpillar/internal/stocks.SanitizeIntraday listingID=1046 symbol=ACCO
time="2020-04-06T20:06:56-05:00" level=warning msg="Sanitize Intraday no last date" application=IEXApp function=github.com/wpwilson10/caterpillar/internal/stocks.SanitizeIntraday listingID=1051 symbol=ACGL
time="2020-04-06T20:06:57-05:00" level=warning msg="Sanitize Intraday no last date" application=IEXApp function=github.com/wpwilson10/caterpillar/internal/stocks.SanitizeIntraday listingID=1055 symbol=ACHC
time="2020-04-06T20:23:24-05:00" level=info msg="Starting RedditBot" application=RedditBot function=github.com/wpwilson10/caterpillar/internal/reddit.BotApp
time="2020-04-06T20:23:48-05:00" level=info msg="Starting RedditApp" application=RedditApp function=github.com/wpwilson10/caterpillar/internal/reddit.App
time="2020-04-06T20:23:49-05:00" level=info msg=RunSummary NumQueued=0 RunTime=528.6916ms application=RedditDriver function=github.com/wpwilson10/caterpillar/internal/reddit.App
time="2020-04-06T20:24:17-05:00" level=info msg="Starting RedditApp" application=RedditApp function=github.com/wpwilson10/caterpillar/internal/reddit.App
time="2020-04-06T20:24:18-05:00" level=error msg="Unexpected LRange return size" application=RedditDriver function="github.com/wpwilson10/caterpillar/internal/redis.(*Queue).Peek"
time="2020-04-06T20:24:26-05:00" level=info msg=RunSummary NumQueued=4 RunTime=8.493426s application=RedditDriver function=github.com/wpwilson10/caterpillar/internal/reddit.App
time="2020-04-06T20:24:58-05:00" level=info msg=RunSummary NumArticles=0 NumInserted=0 NumSources=0 RunTime=9.2041ms application=NewsRedditApp function=github.com/wpwilson10/caterpillar/internal/news.articleDriver
time="2020-04-06T20:32:25-05:00" level=info msg="Starting RedditApp" application=RedditApp function=github.com/wpwilson10/caterpillar/internal/reddit.App
time="2020-04-06T20:32:25-05:00" level=error msg="Unexpected LRange return size" application=RedditDriver function="github.com/wpwilson10/caterpillar/internal/redis.(*Queue).Peek"
time="2020-04-06T20:32:25-05:00" level=info msg=RunSummary NumQueued=0 RunTime=480.1788ms application=RedditDriver function=github.com/wpwilson10/caterpillar/internal/reddit.App
time="2020-04-06T20:32:29-05:00" level=info msg="Starting RedditBot" application=RedditBot function=github.com/wpwilson10/caterpillar/internal/reddit.BotApp
time="2020-04-06T20:33:58-05:00" level=info msg="Starting RedditApp" application=RedditApp function=github.com/wpwilson10/caterpillar/internal/reddit.App
time="2020-04-06T20:33:58-05:00" level=error msg="Unexpected LRange return size" application=RedditDriver function="github.com/wpwilson10/caterpillar/internal/redis.(*Queue).Peek"
time="2020-04-06T20:34:27-05:00" level=info msg="Inserting reddit submission" application=RedditDriver function=github.com/wpwilson10/caterpillar/internal/reddit.InsertSubmission permalink=/r/Coronavirus/comments/fwbgb6/revised_projection_forecasts_earlier_peak_fewer/ redditID=fwbgb6
time="2020-04-06T20:34:58-05:00" level=info msg=RunSummary NumQueued=30 RunTime=1m0.5334837s application=RedditDriver function=github.com/wpwilson10/caterpillar/internal/reddit.App
time="2020-04-06T20:35:39-05:00" level=info msg="Processing article" Link="https://ktla.com/news/california/revised-projection-forecasts-earlier-peak-fewer-covid-19-deaths-and-hospitalizations-in-california/" application=NewsRedditApp function="github.com/wpwilson10/caterpillar/internal/news.(*Newspaper).Process"
time="2020-04-06T20:35:45-05:00" level=info msg="Inserting article" Link="https://ktla.com/news/california/revised-projection-forecasts-earlier-peak-fewer-covid-19-deaths-and-hospitalizations-in-california/" application=NewsRedditApp function="github.com/wpwilson10/caterpillar/internal/news.(*Article).Insert"
time="2020-04-06T20:35:45-05:00" level=info msg=RunSummary NumArticles=1 NumInserted=1 NumSources=1 RunTime=5.4746949s application=NewsRedditApp function=github.com/wpwilson10/caterpillar/internal/news.articleDriver
time="2020-04-06T20:36:10-05:00" level=info msg="Starting RedditBot" application=RedditBot function=github.com/wpwilson10/caterpillar/internal/reddit.BotApp
time="2020-04-06T21:06:50-05:00" level=fatal msg="SetupBot Wait" application=RedditBot error="Get https://oauth.reddit.com/r/AskReddit+gaming+science+worldnews+Music+movies+news+IamA+food+books+DIY+Art+sports+space+gadgets+television+UpliftingNews+personalfinance+technology+fitness+politics+nba+relationships+atheism+relationship_advice+programming+boardgames+gardening+europe+Games+iphone+andriod+soccer+nfl+woodworking+makeupaddiction+parenting+pcgaming+cars+askmen+backpacking+biology+cooking+nintendo+comics+entertainment+apple+bitcoin+askwomen+frugal+collegebasketball+baseball+literature+skincareaddiction+legaladvice+conspiracy+design+worldpolitics+comicbooks+podcasts+math+unpopularopinion+hardware+cryptocurrency+hacking+machinelearning+crafts+changemyview+homeimprovement+investing+nasa+chemistry+motorcycles+bodybuilding+google+self+wallstreetbets+hiking+politicaldiscussion+running+formula1+economics+financialindependence+nutrition+entrepreneur+privacy+environment+marvel+teslamotors+canada+psychology+geek+aviation+business+guns+fishing+celebs+stocks+ethereum+netflix+lgbt+australia+autos+spacex+vegan+startups+beer+libertarian+nascar+kanye+tennis+gamernews+amd+finance+france+coffee+conservative+india+coronavirus/new?before=t3_fwby8j&limit=100&raw_json=1: read tcp 192.168.0.191:62864->151.101.1.140:443: wsarecv: A socket operation was attempted to an unreachable network." function=github.com/wpwilson10/caterpillar/internal/reddit.BotApp
time="2020-04-06T21:29:13-05:00" level=info msg="Starting RedditBot" application=RedditBot function=github.com/wpwilson10/caterpillar/internal/reddit.BotApp
